Using pre-set license
Built from '2020.3/staging' branch; Version is '2020.3.11f1 (99c7afb366b3) revision 10078127'; Using compiler version '192528614'; Build Type 'Release'
OS: 'Windows 10 Home; OS build 19041.1052; Version 2004; 64bit' Language: 'en' Physical Memory: 8092 MB
BatchMode: 1, IsHumanControllingUs: 0, StartBugReporterOnCrash: 0, Is64bit: 1, IsPro: 0

 COMMAND LINE ARGUMENTS:
D:\Program Files\Unity\2020.3.11f1\Editor\Unity.exe
-adb2
-batchMode
-noUpm
-name
AssetImportWorker2
-projectPath
D:/Projects/PlatforMufinka
-logFile
Logs/AssetImportWorker2.log
-srvPort
52445
Successfully changed project path to: D:/Projects/PlatforMufinka
D:/Projects/PlatforMufinka
Using Asset Import Pipeline V2.
Refreshing native plugins compatible for Editor in 56.97 ms, found 3 plugins.
Preloading 0 native plugins for Editor in 0.00 ms.
Initialize engine version: 2020.3.11f1 (99c7afb366b3)
[Subsystems] Discovering subsystems at path D:/Program Files/Unity/2020.3.11f1/Editor/Data/Resources/UnitySubsystems
[Subsystems] Discovering subsystems at path D:/Projects/PlatforMufinka/Assets
GfxDevice: creating device client; threaded=0
Direct3D:
    Version:  Direct3D 11.0 [level 11.1]
    Renderer: Radeon RX 570 Series (ID=0x67df)
    Vendor:   
    VRAM:     4075 MB
    Driver:   27.20.21003.8013
Initialize mono
Mono path[0] = 'D:/Program Files/Unity/2020.3.11f1/Editor/Data/Managed'
Mono path[1] = 'D:/Program Files/Unity/2020.3.11f1/Editor/Data/MonoBleedingEdge/lib/mono/unityjit'
Mono config path = 'D:/Program Files/Unity/2020.3.11f1/Editor/Data/MonoBleedingEdge/etc'
Using monoOptions --debugger-agent=transport=dt_socket,embedding=1,server=y,suspend=n,address=127.0.0.1:56012
Begin MonoManager ReloadAssembly
Registering precompiled unity dll's ...
Register platform support module: D:/Program Files/Unity/2020.3.11f1/Editor/Data/PlaybackEngines/WebGLSupport/UnityEditor.WebGL.Extensions.dll
Register platform support module: D:/Program Files/Unity/2020.3.11f1/Editor/Data/PlaybackEngines/WindowsStandaloneSupport/UnityEditor.WindowsStandalone.Extensions.dll
Registered in 0.001410 seconds.
Native extension for WindowsStandalone target not found
Native extension for WebGL target not found
Refreshing native plugins compatible for Editor in 50.52 ms, found 3 plugins.
Preloading 0 native plugins for Editor in 0.00 ms.
Mono: successfully reloaded assembly
- Completed reload, in 20.658 seconds
Platform modules already initialized, skipping
Registering precompiled user dll's ...
Registered in 0.003337 seconds.
Begin MonoManager ReloadAssembly
Native extension for WindowsStandalone target not found
Native extension for WebGL target not found
Refreshing native plugins compatible for Editor in 59.04 ms, found 3 plugins.
Preloading 0 native plugins for Editor in 0.00 ms.
Mono: successfully reloaded assembly
- Completed reload, in  1.376 seconds
Platform modules already initialized, skipping
========================================================================
Worker process is ready to serve import requests
Launched and connected shader compiler UnityShaderCompiler.exe after 0.15 seconds
Refreshing native plugins compatible for Editor in 0.70 ms, found 3 plugins.
Preloading 0 native plugins for Editor in 0.00 ms.
Unloading 2129 Unused Serialized files (Serialized files now loaded: 0)
System memory in use before: 95.2 MB.
System memory in use after: 95.2 MB.

Unloading 32 unused Assets to reduce memory usage. Loaded Objects now: 2567.
Total: 3.703100 ms (FindLiveObjects: 0.311000 ms CreateObjectMapping: 0.222200 ms MarkObjects: 2.918800 ms  DeleteObjects: 0.249300 ms)

========================================================================
Received Import Request.
  path: Assets/Prefabs/Coin.prefab
  artifactKey: Guid(93ff2ed46390c9d47aa3d2d2149477b9) Importer(815301076,1909f56bfc062723c751e8b465ee728b)
Start importing Assets/Prefabs/Coin.prefab using Guid(93ff2ed46390c9d47aa3d2d2149477b9) Importer(815301076,1909f56bfc062723c751e8b465ee728b)  -> (artifact id: '9c5848eeeb7fd7280b6dafbb61532a95') in 0.191389 seconds
  Import took 0.195874 seconds .

========================================================================
Received Prepare
Registering precompiled user dll's ...
Registered in 0.003120 seconds.
Begin MonoManager ReloadAssembly
Native extension for WindowsStandalone target not found
Native extension for WebGL target not found
Refreshing native plugins compatible for Editor in 0.88 ms, found 3 plugins.
Preloading 0 native plugins for Editor in 0.00 ms.
Mono: successfully reloaded assembly
- Completed reload, in  1.186 seconds
Platform modules already initialized, skipping
Refreshing native plugins compatible for Editor in 0.58 ms, found 3 plugins.
Preloading 0 native plugins for Editor in 0.00 ms.
Unloading 2123 Unused Serialized files (Serialized files now loaded: 0)
System memory in use before: 98.1 MB.
System memory in use after: 98.0 MB.

Unloading 21 unused Assets to reduce memory usage. Loaded Objects now: 2578.
Total: 3.514500 ms (FindLiveObjects: 0.329100 ms CreateObjectMapping: 0.214900 ms MarkObjects: 2.776900 ms  DeleteObjects: 0.192100 ms)

========================================================================
Received Prepare
Registering precompiled user dll's ...
Registered in 0.003331 seconds.
Begin MonoManager ReloadAssembly
Native extension for WindowsStandalone target not found
Native extension for WebGL target not found
Refreshing native plugins compatible for Editor in 0.59 ms, found 3 plugins.
Preloading 0 native plugins for Editor in 0.00 ms.
Mono: successfully reloaded assembly
- Completed reload, in  1.178 seconds
Platform modules already initialized, skipping
Refreshing native plugins compatible for Editor in 0.56 ms, found 3 plugins.
Preloading 0 native plugins for Editor in 0.00 ms.
Unloading 2123 Unused Serialized files (Serialized files now loaded: 0)
System memory in use before: 98.1 MB.
System memory in use after: 98.1 MB.

Unloading 21 unused Assets to reduce memory usage. Loaded Objects now: 2582.
Total: 6.869700 ms (FindLiveObjects: 1.595200 ms CreateObjectMapping: 0.118500 ms MarkObjects: 4.704400 ms  DeleteObjects: 0.450000 ms)

========================================================================
Received Prepare
Registering precompiled user dll's ...
Registered in 0.003165 seconds.
Begin MonoManager ReloadAssembly
Native extension for WindowsStandalone target not found
Native extension for WebGL target not found
Refreshing native plugins compatible for Editor in 0.59 ms, found 3 plugins.
Preloading 0 native plugins for Editor in 0.00 ms.
Mono: successfully reloaded assembly
- Completed reload, in  1.176 seconds
Platform modules already initialized, skipping
Refreshing native plugins compatible for Editor in 0.58 ms, found 3 plugins.
Preloading 0 native plugins for Editor in 0.00 ms.
Unloading 2123 Unused Serialized files (Serialized files now loaded: 0)
System memory in use before: 98.2 MB.
System memory in use after: 98.2 MB.

Unloading 21 unused Assets to reduce memory usage. Loaded Objects now: 2586.
Total: 3.101100 ms (FindLiveObjects: 0.270500 ms CreateObjectMapping: 0.205200 ms MarkObjects: 2.488200 ms  DeleteObjects: 0.136200 ms)

========================================================================
Received Prepare
Registering precompiled user dll's ...
Registered in 0.003592 seconds.
Begin MonoManager ReloadAssembly
Native extension for WindowsStandalone target not found
Native extension for WebGL target not found
Refreshing native plugins compatible for Editor in 0.61 ms, found 3 plugins.
Preloading 0 native plugins for Editor in 0.00 ms.
Mono: successfully reloaded assembly
- Completed reload, in  1.150 seconds
Platform modules already initialized, skipping
Refreshing native plugins compatible for Editor in 0.55 ms, found 3 plugins.
Preloading 0 native plugins for Editor in 0.00 ms.
Unloading 2123 Unused Serialized files (Serialized files now loaded: 0)
System memory in use before: 98.2 MB.
System memory in use after: 98.2 MB.

Unloading 21 unused Assets to reduce memory usage. Loaded Objects now: 2590.
Total: 2.810700 ms (FindLiveObjects: 0.210600 ms CreateObjectMapping: 0.091800 ms MarkObjects: 2.342200 ms  DeleteObjects: 0.165000 ms)

========================================================================
Received Prepare
Registering precompiled user dll's ...
Registered in 0.003304 seconds.
Begin MonoManager ReloadAssembly
Native extension for WindowsStandalone target not found
Native extension for WebGL target not found
Refreshing native plugins compatible for Editor in 0.60 ms, found 3 plugins.
Preloading 0 native plugins for Editor in 0.00 ms.
Mono: successfully reloaded assembly
- Completed reload, in  1.163 seconds
Platform modules already initialized, skipping
Refreshing native plugins compatible for Editor in 0.57 ms, found 3 plugins.
Preloading 0 native plugins for Editor in 0.00 ms.
Unloading 2123 Unused Serialized files (Serialized files now loaded: 0)
System memory in use before: 98.2 MB.
System memory in use after: 98.2 MB.

Unloading 21 unused Assets to reduce memory usage. Loaded Objects now: 2594.
Total: 2.633500 ms (FindLiveObjects: 0.244700 ms CreateObjectMapping: 0.092700 ms MarkObjects: 2.128700 ms  DeleteObjects: 0.166400 ms)

========================================================================
Received Prepare
Registering precompiled user dll's ...
Registered in 0.003167 seconds.
Begin MonoManager ReloadAssembly
Native extension for WindowsStandalone target not found
Native extension for WebGL target not found
Refreshing native plugins compatible for Editor in 0.59 ms, found 3 plugins.
Preloading 0 native plugins for Editor in 0.00 ms.
Mono: successfully reloaded assembly
- Completed reload, in  1.160 seconds
Platform modules already initialized, skipping
Refreshing native plugins compatible for Editor in 0.61 ms, found 3 plugins.
Preloading 0 native plugins for Editor in 0.00 ms.
Unloading 2123 Unused Serialized files (Serialized files now loaded: 0)
System memory in use before: 98.2 MB.
System memory in use after: 98.2 MB.

Unloading 21 unused Assets to reduce memory usage. Loaded Objects now: 2598.
Total: 2.751000 ms (FindLiveObjects: 0.249900 ms CreateObjectMapping: 0.119200 ms MarkObjects: 2.211200 ms  DeleteObjects: 0.169400 ms)

========================================================================
Received Prepare
Registering precompiled user dll's ...
Registered in 0.003393 seconds.
Begin MonoManager ReloadAssembly
Native extension for WindowsStandalone target not found
Native extension for WebGL target not found
Refreshing native plugins compatible for Editor in 0.84 ms, found 3 plugins.
Preloading 0 native plugins for Editor in 0.00 ms.
Mono: successfully reloaded assembly
- Completed reload, in  1.490 seconds
Platform modules already initialized, skipping
Refreshing native plugins compatible for Editor in 0.58 ms, found 3 plugins.
Preloading 0 native plugins for Editor in 0.00 ms.
Unloading 2123 Unused Serialized files (Serialized files now loaded: 0)
System memory in use before: 98.2 MB.
System memory in use after: 98.2 MB.

Unloading 21 unused Assets to reduce memory usage. Loaded Objects now: 2602.
Total: 3.150400 ms (FindLiveObjects: 0.312100 ms CreateObjectMapping: 0.221000 ms MarkObjects: 2.474800 ms  DeleteObjects: 0.141300 ms)

========================================================================
Received Prepare
Registering precompiled user dll's ...
Registered in 0.003027 seconds.
Begin MonoManager ReloadAssembly
Native extension for WindowsStandalone target not found
Native extension for WebGL target not found
Refreshing native plugins compatible for Editor in 0.61 ms, found 3 plugins.
Preloading 0 native plugins for Editor in 0.00 ms.
Mono: successfully reloaded assembly
- Completed reload, in  1.425 seconds
Platform modules already initialized, skipping
Refreshing native plugins compatible for Editor in 0.61 ms, found 3 plugins.
Preloading 0 native plugins for Editor in 0.00 ms.
Unloading 2123 Unused Serialized files (Serialized files now loaded: 0)
System memory in use before: 98.2 MB.
System memory in use after: 98.2 MB.

Unloading 21 unused Assets to reduce memory usage. Loaded Objects now: 2606.
Total: 3.863400 ms (FindLiveObjects: 0.292200 ms CreateObjectMapping: 0.194800 ms MarkObjects: 3.198400 ms  DeleteObjects: 0.176400 ms)

========================================================================
Received Prepare
Registering precompiled user dll's ...
Registered in 0.003310 seconds.
Begin MonoManager ReloadAssembly
Native extension for WindowsStandalone target not found
Native extension for WebGL target not found
Refreshing native plugins compatible for Editor in 0.66 ms, found 3 plugins.
Preloading 0 native plugins for Editor in 0.00 ms.
Mono: successfully reloaded assembly
- Completed reload, in  1.143 seconds
Platform modules already initialized, skipping
Refreshing native plugins compatible for Editor in 0.57 ms, found 3 plugins.
Preloading 0 native plugins for Editor in 0.00 ms.
Unloading 2123 Unused Serialized files (Serialized files now loaded: 0)
System memory in use before: 98.2 MB.
System memory in use after: 98.2 MB.

Unloading 21 unused Assets to reduce memory usage. Loaded Objects now: 2610.
Total: 3.036800 ms (FindLiveObjects: 0.292800 ms CreateObjectMapping: 0.177500 ms MarkObjects: 2.439500 ms  DeleteObjects: 0.126000 ms)

========================================================================
Received Prepare
Registering precompiled user dll's ...
Registered in 0.003150 seconds.
Begin MonoManager ReloadAssembly
Native extension for WindowsStandalone target not found
Native extension for WebGL target not found
Refreshing native plugins compatible for Editor in 0.55 ms, found 3 plugins.
Preloading 0 native plugins for Editor in 0.00 ms.
Mono: successfully reloaded assembly
- Completed reload, in  1.134 seconds
Platform modules already initialized, skipping
Refreshing native plugins compatible for Editor in 0.61 ms, found 3 plugins.
Preloading 0 native plugins for Editor in 0.00 ms.
Unloading 2123 Unused Serialized files (Serialized files now loaded: 0)
System memory in use before: 98.2 MB.
System memory in use after: 98.2 MB.

Unloading 21 unused Assets to reduce memory usage. Loaded Objects now: 2614.
Total: 2.550500 ms (FindLiveObjects: 0.213200 ms CreateObjectMapping: 0.094600 ms MarkObjects: 2.108600 ms  DeleteObjects: 0.132800 ms)

========================================================================
Received Prepare
Registering precompiled user dll's ...
Registered in 0.003074 seconds.
Begin MonoManager ReloadAssembly
Native extension for WindowsStandalone target not found
Native extension for WebGL target not found
Refreshing native plugins compatible for Editor in 0.58 ms, found 3 plugins.
Preloading 0 native plugins for Editor in 0.00 ms.
Mono: successfully reloaded assembly
- Completed reload, in  1.151 seconds
Platform modules already initialized, skipping
Refreshing native plugins compatible for Editor in 0.56 ms, found 3 plugins.
Preloading 0 native plugins for Editor in 0.00 ms.
Unloading 2123 Unused Serialized files (Serialized files now loaded: 0)
System memory in use before: 98.2 MB.
System memory in use after: 98.2 MB.

Unloading 21 unused Assets to reduce memory usage. Loaded Objects now: 2618.
Total: 3.071500 ms (FindLiveObjects: 0.252000 ms CreateObjectMapping: 0.144400 ms MarkObjects: 2.502300 ms  DeleteObjects: 0.171800 ms)

========================================================================
Received Prepare
Registering precompiled user dll's ...
Registered in 0.003157 seconds.
Begin MonoManager ReloadAssembly
Native extension for WindowsStandalone target not found
Native extension for WebGL target not found
Refreshing native plugins compatible for Editor in 0.57 ms, found 3 plugins.
Preloading 0 native plugins for Editor in 0.00 ms.
Mono: successfully reloaded assembly
- Completed reload, in  1.162 seconds
Platform modules already initialized, skipping
Refreshing native plugins compatible for Editor in 0.70 ms, found 3 plugins.
Preloading 0 native plugins for Editor in 0.00 ms.
Unloading 2123 Unused Serialized files (Serialized files now loaded: 0)
System memory in use before: 98.2 MB.
System memory in use after: 98.2 MB.

Unloading 21 unused Assets to reduce memory usage. Loaded Objects now: 2622.
Total: 2.617700 ms (FindLiveObjects: 0.236300 ms CreateObjectMapping: 0.094000 ms MarkObjects: 2.143100 ms  DeleteObjects: 0.143200 ms)

========================================================================
Received Prepare
Registering precompiled user dll's ...
Registered in 0.003966 seconds.
Begin MonoManager ReloadAssembly
Native extension for WindowsStandalone target not found
Native extension for WebGL target not found
Refreshing native plugins compatible for Editor in 0.57 ms, found 3 plugins.
Preloading 0 native plugins for Editor in 0.00 ms.
Mono: successfully reloaded assembly
- Completed reload, in  1.208 seconds
Platform modules already initialized, skipping
Refreshing native plugins compatible for Editor in 1.03 ms, found 3 plugins.
Preloading 0 native plugins for Editor in 0.00 ms.
Unloading 2123 Unused Serialized files (Serialized files now loaded: 0)
System memory in use before: 98.3 MB.
System memory in use after: 98.2 MB.

Unloading 21 unused Assets to reduce memory usage. Loaded Objects now: 2626.
Total: 2.759200 ms (FindLiveObjects: 0.208100 ms CreateObjectMapping: 0.090900 ms MarkObjects: 2.215000 ms  DeleteObjects: 0.244100 ms)

========================================================================
Received Prepare
Registering precompiled user dll's ...
Registered in 0.003194 seconds.
Begin MonoManager ReloadAssembly
Native extension for WindowsStandalone target not found
Native extension for WebGL target not found
Refreshing native plugins compatible for Editor in 0.59 ms, found 3 plugins.
Preloading 0 native plugins for Editor in 0.00 ms.
Mono: successfully reloaded assembly
- Completed reload, in  1.187 seconds
Platform modules already initialized, skipping
Refreshing native plugins compatible for Editor in 0.55 ms, found 3 plugins.
Preloading 0 native plugins for Editor in 0.00 ms.
Unloading 2123 Unused Serialized files (Serialized files now loaded: 0)
System memory in use before: 98.3 MB.
System memory in use after: 98.2 MB.

Unloading 21 unused Assets to reduce memory usage. Loaded Objects now: 2630.
Total: 2.670700 ms (FindLiveObjects: 0.219200 ms CreateObjectMapping: 0.091100 ms MarkObjects: 2.190600 ms  DeleteObjects: 0.168600 ms)

========================================================================
Received Prepare
Registering precompiled user dll's ...
Registered in 0.003240 seconds.
Begin MonoManager ReloadAssembly
Native extension for WindowsStandalone target not found
Native extension for WebGL target not found
Refreshing native plugins compatible for Editor in 0.62 ms, found 3 plugins.
Preloading 0 native plugins for Editor in 0.00 ms.
Mono: successfully reloaded assembly
- Completed reload, in  1.182 seconds
Platform modules already initialized, skipping
Refreshing native plugins compatible for Editor in 0.68 ms, found 3 plugins.
Preloading 0 native plugins for Editor in 0.00 ms.
Unloading 2123 Unused Serialized files (Serialized files now loaded: 0)
System memory in use before: 98.3 MB.
System memory in use after: 98.3 MB.

Unloading 21 unused Assets to reduce memory usage. Loaded Objects now: 2634.
Total: 2.798600 ms (FindLiveObjects: 0.250800 ms CreateObjectMapping: 0.133600 ms MarkObjects: 2.243100 ms  DeleteObjects: 0.169900 ms)

========================================================================
Received Prepare
Registering precompiled user dll's ...
Registered in 0.003672 seconds.
Begin MonoManager ReloadAssembly
Native extension for WindowsStandalone target not found
Native extension for WebGL target not found
Refreshing native plugins compatible for Editor in 0.56 ms, found 3 plugins.
Preloading 0 native plugins for Editor in 0.00 ms.
Mono: successfully reloaded assembly
- Completed reload, in  1.206 seconds
Platform modules already initialized, skipping
Refreshing native plugins compatible for Editor in 0.64 ms, found 3 plugins.
Preloading 0 native plugins for Editor in 0.00 ms.
Unloading 2123 Unused Serialized files (Serialized files now loaded: 0)
System memory in use before: 98.3 MB.
System memory in use after: 98.3 MB.

Unloading 21 unused Assets to reduce memory usage. Loaded Objects now: 2638.
Total: 3.765000 ms (FindLiveObjects: 0.249300 ms CreateObjectMapping: 0.162800 ms MarkObjects: 3.121900 ms  DeleteObjects: 0.229500 ms)

========================================================================
Received Prepare
Registering precompiled user dll's ...
Registered in 0.003083 seconds.
Begin MonoManager ReloadAssembly
Native extension for WindowsStandalone target not found
Native extension for WebGL target not found
Refreshing native plugins compatible for Editor in 0.57 ms, found 3 plugins.
Preloading 0 native plugins for Editor in 0.00 ms.
Mono: successfully reloaded assembly
- Completed reload, in  1.153 seconds
Platform modules already initialized, skipping
Refreshing native plugins compatible for Editor in 0.67 ms, found 3 plugins.
Preloading 0 native plugins for Editor in 0.00 ms.
Unloading 2123 Unused Serialized files (Serialized files now loaded: 0)
System memory in use before: 98.3 MB.
System memory in use after: 98.3 MB.

Unloading 21 unused Assets to reduce memory usage. Loaded Objects now: 2642.
Total: 3.135100 ms (FindLiveObjects: 0.276300 ms CreateObjectMapping: 0.232600 ms MarkObjects: 2.489200 ms  DeleteObjects: 0.136000 ms)

========================================================================
Received Prepare
Registering precompiled user dll's ...
Registered in 0.003492 seconds.
Begin MonoManager ReloadAssembly
Native extension for WindowsStandalone target not found
Native extension for WebGL target not found
Refreshing native plugins compatible for Editor in 0.59 ms, found 3 plugins.
Preloading 0 native plugins for Editor in 0.00 ms.
Mono: successfully reloaded assembly
- Completed reload, in  1.174 seconds
Platform modules already initialized, skipping
Refreshing native plugins compatible for Editor in 0.55 ms, found 3 plugins.
Preloading 0 native plugins for Editor in 0.00 ms.
Unloading 2123 Unused Serialized files (Serialized files now loaded: 0)
System memory in use before: 98.3 MB.
System memory in use after: 98.3 MB.

Unloading 21 unused Assets to reduce memory usage. Loaded Objects now: 2646.
Total: 3.780100 ms (FindLiveObjects: 0.208200 ms CreateObjectMapping: 0.090700 ms MarkObjects: 3.320900 ms  DeleteObjects: 0.158900 ms)

========================================================================
Received Prepare
Registering precompiled user dll's ...
Registered in 0.003257 seconds.
Begin MonoManager ReloadAssembly
Native extension for WindowsStandalone target not found
Native extension for WebGL target not found
Refreshing native plugins compatible for Editor in 0.65 ms, found 3 plugins.
Preloading 0 native plugins for Editor in 0.00 ms.
Mono: successfully reloaded assembly
- Completed reload, in  1.193 seconds
Platform modules already initialized, skipping
Refreshing native plugins compatible for Editor in 0.91 ms, found 3 plugins.
Preloading 0 native plugins for Editor in 0.00 ms.
Unloading 2123 Unused Serialized files (Serialized files now loaded: 0)
System memory in use before: 98.3 MB.
System memory in use after: 98.3 MB.

Unloading 21 unused Assets to reduce memory usage. Loaded Objects now: 2650.
Total: 3.201800 ms (FindLiveObjects: 0.210700 ms CreateObjectMapping: 0.091100 ms MarkObjects: 2.724000 ms  DeleteObjects: 0.174400 ms)

========================================================================
Received Prepare
Registering precompiled user dll's ...
Registered in 0.003070 seconds.
Begin MonoManager ReloadAssembly
Native extension for WindowsStandalone target not found
Native extension for WebGL target not found
Refreshing native plugins compatible for Editor in 0.96 ms, found 3 plugins.
Preloading 0 native plugins for Editor in 0.00 ms.
Mono: successfully reloaded assembly
- Completed reload, in  1.193 seconds
Platform modules already initialized, skipping
Refreshing native plugins compatible for Editor in 0.59 ms, found 3 plugins.
Preloading 0 native plugins for Editor in 0.00 ms.
Unloading 2123 Unused Serialized files (Serialized files now loaded: 0)
System memory in use before: 98.3 MB.
System memory in use after: 98.3 MB.

Unloading 21 unused Assets to reduce memory usage. Loaded Objects now: 2654.
Total: 3.348400 ms (FindLiveObjects: 0.260400 ms CreateObjectMapping: 0.168100 ms MarkObjects: 2.733500 ms  DeleteObjects: 0.185300 ms)

========================================================================
Received Import Request.
  Time since last request: 1085.765858 seconds.
  path: Assets/Animations/HeroAnimations/Player.controller
  artifactKey: Guid(3fbcd3725c42d4141ae9a76f3fba0cfa) Importer(815301076,1909f56bfc062723c751e8b465ee728b)
Start importing Assets/Animations/HeroAnimations/Player.controller using Guid(3fbcd3725c42d4141ae9a76f3fba0cfa) Importer(815301076,1909f56bfc062723c751e8b465ee728b)  -> (artifact id: 'aee1c9e52dfc8b382c0ffd3661179260') in 0.029771 seconds
  Import took 0.090628 seconds .

========================================================================
Received Prepare
Registering precompiled user dll's ...
Registered in 0.003549 seconds.
Begin MonoManager ReloadAssembly
Native extension for WindowsStandalone target not found
Native extension for WebGL target not found
Refreshing native plugins compatible for Editor in 0.62 ms, found 3 plugins.
Preloading 0 native plugins for Editor in 0.00 ms.
Mono: successfully reloaded assembly
- Completed reload, in  1.186 seconds
Platform modules already initialized, skipping
Refreshing native plugins compatible for Editor in 0.57 ms, found 3 plugins.
Preloading 0 native plugins for Editor in 0.00 ms.
Unloading 2123 Unused Serialized files (Serialized files now loaded: 0)
System memory in use before: 98.3 MB.
System memory in use after: 98.3 MB.

Unloading 21 unused Assets to reduce memory usage. Loaded Objects now: 2658.
Total: 2.799600 ms (FindLiveObjects: 0.295300 ms CreateObjectMapping: 0.140200 ms MarkObjects: 2.229100 ms  DeleteObjects: 0.133900 ms)

========================================================================
Received Prepare
Registering precompiled user dll's ...
Registered in 0.003102 seconds.
Begin MonoManager ReloadAssembly
Native extension for WindowsStandalone target not found
Native extension for WebGL target not found
Refreshing native plugins compatible for Editor in 0.56 ms, found 3 plugins.
Preloading 0 native plugins for Editor in 0.00 ms.
Mono: successfully reloaded assembly
- Completed reload, in  1.128 seconds
Platform modules already initialized, skipping
Refreshing native plugins compatible for Editor in 0.59 ms, found 3 plugins.
Preloading 0 native plugins for Editor in 0.00 ms.
Unloading 2123 Unused Serialized files (Serialized files now loaded: 0)
System memory in use before: 98.3 MB.
System memory in use after: 98.3 MB.

Unloading 21 unused Assets to reduce memory usage. Loaded Objects now: 2662.
Total: 3.097100 ms (FindLiveObjects: 0.275100 ms CreateObjectMapping: 0.166600 ms MarkObjects: 2.443000 ms  DeleteObjects: 0.211500 ms)

========================================================================
Received Prepare
Registering precompiled user dll's ...
Registered in 0.003662 seconds.
Begin MonoManager ReloadAssembly
Native extension for WindowsStandalone target not found
Native extension for WebGL target not found
Refreshing native plugins compatible for Editor in 0.59 ms, found 3 plugins.
Preloading 0 native plugins for Editor in 0.00 ms.
Mono: successfully reloaded assembly
- Completed reload, in  1.262 seconds
Platform modules already initialized, skipping
Refreshing native plugins compatible for Editor in 0.62 ms, found 3 plugins.
Preloading 0 native plugins for Editor in 0.00 ms.
Unloading 2123 Unused Serialized files (Serialized files now loaded: 0)
System memory in use before: 98.4 MB.
System memory in use after: 98.3 MB.

Unloading 21 unused Assets to reduce memory usage. Loaded Objects now: 2666.
Total: 3.146000 ms (FindLiveObjects: 0.384200 ms CreateObjectMapping: 0.237700 ms MarkObjects: 2.384000 ms  DeleteObjects: 0.138000 ms)

========================================================================
Received Import Request.
  Time since last request: 432.833022 seconds.
  path: Assets/Sprites/enemies sprites/fly
  artifactKey: Guid(03cd96a93cc29bb40ba2b8ee96849941) Importer(815301076,1909f56bfc062723c751e8b465ee728b)
Start importing Assets/Sprites/enemies sprites/fly using Guid(03cd96a93cc29bb40ba2b8ee96849941) Importer(815301076,1909f56bfc062723c751e8b465ee728b)  -> (artifact id: 'b91e9eae9b3f15b0577c5aa9afc66753') in 0.021645 seconds
  Import took 0.040678 seconds .

========================================================================
Received Import Request.
  Time since last request: 2.991004 seconds.
  path: Assets/Sprites/enemies sprites/slime
  artifactKey: Guid(41faeda4cfa097e4494a7262a4dbf61e) Importer(815301076,1909f56bfc062723c751e8b465ee728b)
Start importing Assets/Sprites/enemies sprites/slime using Guid(41faeda4cfa097e4494a7262a4dbf61e) Importer(815301076,1909f56bfc062723c751e8b465ee728b)  -> (artifact id: '1204af4280041a755338d2f78305299b') in 0.020459 seconds
  Import took 0.045193 seconds .

========================================================================
Received Import Request.
  Time since last request: 2.337832 seconds.
  path: Assets/Sprites/enemies sprites/bomber goblin
  artifactKey: Guid(39845027bb962cc46ace89567933dca1) Importer(815301076,1909f56bfc062723c751e8b465ee728b)
Start importing Assets/Sprites/enemies sprites/bomber goblin using Guid(39845027bb962cc46ace89567933dca1) Importer(815301076,1909f56bfc062723c751e8b465ee728b)  -> (artifact id: 'e2099bde24b1f0f502e5511acb96d875') in 0.033718 seconds
  Import took 0.097223 seconds .

========================================================================
Received Import Request.
  Time since last request: 51.833147 seconds.
  path: Assets/Sprites/tiles and background_foreground/GIFS
  artifactKey: Guid(5fc0c6952edc5b94cb8d2055f11695cc) Importer(815301076,1909f56bfc062723c751e8b465ee728b)
Start importing Assets/Sprites/tiles and background_foreground/GIFS using Guid(5fc0c6952edc5b94cb8d2055f11695cc) Importer(815301076,1909f56bfc062723c751e8b465ee728b)  -> (artifact id: 'ee8537efbc608d0eda7c01abdec0e816') in 0.022910 seconds
  Import took 0.091605 seconds .

========================================================================
Received Import Request.
  Time since last request: 16.261134 seconds.
  path: Assets/Sprites/tiles and background_foreground/waterfall_bottom_anim_strip_4.png
  artifactKey: Guid(2ab436b40cfb8f549b6f193422a4ee40) Importer(815301076,1909f56bfc062723c751e8b465ee728b)
Start importing Assets/Sprites/tiles and background_foreground/waterfall_bottom_anim_strip_4.png using Guid(2ab436b40cfb8f549b6f193422a4ee40) Importer(815301076,1909f56bfc062723c751e8b465ee728b)  -> (artifact id: '43cf6f35db239681f5409fabd15efbee') in 0.116363 seconds
  Import took 0.149535 seconds .

========================================================================
Received Import Request.
  Time since last request: 6.514381 seconds.
  path: Assets/Sprites/tiles and background_foreground/waterfall_bottom_anim_strip_4.png
  artifactKey: Guid(2ab436b40cfb8f549b6f193422a4ee40) Importer(815301076,1909f56bfc062723c751e8b465ee728b)
Start importing Assets/Sprites/tiles and background_foreground/waterfall_bottom_anim_strip_4.png using Guid(2ab436b40cfb8f549b6f193422a4ee40) Importer(815301076,1909f56bfc062723c751e8b465ee728b)  -> (artifact id: '89f88888571fc809e5791b07f0b4e4ba') in 0.043483 seconds
  Import took 0.085417 seconds .

========================================================================
Received Import Request.
  Time since last request: 6.156997 seconds.
  path: Assets/Sprites/tiles and background_foreground/waterfall_anim_strip_4.png
  artifactKey: Guid(259e78bef3717744898f13aa31ea60b2) Importer(815301076,1909f56bfc062723c751e8b465ee728b)
Start importing Assets/Sprites/tiles and background_foreground/waterfall_anim_strip_4.png using Guid(259e78bef3717744898f13aa31ea60b2) Importer(815301076,1909f56bfc062723c751e8b465ee728b)  -> (artifact id: '378282ea06807b0f21cb4cc9a5c6ab7a') in 0.042781 seconds
  Import took 0.058330 seconds .

========================================================================
Received Import Request.
  Time since last request: 42.982519 seconds.
  path: Assets/Sprites/tiles and background_foreground/waterfall_anim_strip_4.png
  artifactKey: Guid(259e78bef3717744898f13aa31ea60b2) Importer(815301076,1909f56bfc062723c751e8b465ee728b)
Start importing Assets/Sprites/tiles and background_foreground/waterfall_anim_strip_4.png using Guid(259e78bef3717744898f13aa31ea60b2) Importer(815301076,1909f56bfc062723c751e8b465ee728b)  -> (artifact id: '17cbe3a93b218d8f32bbfd9068fc9ab9') in 0.031202 seconds
  Import took 0.062272 seconds .

========================================================================
Received Import Request.
  Time since last request: 37.429842 seconds.
  path: Assets/Tiles/Water1.asset
  artifactKey: Guid(305ea0eff13a634408d10465593981fe) Importer(815301076,1909f56bfc062723c751e8b465ee728b)
Start importing Assets/Tiles/Water1.asset using Guid(305ea0eff13a634408d10465593981fe) Importer(815301076,1909f56bfc062723c751e8b465ee728b)  -> (artifact id: '0da85c32b0df360e935284104f1af716') in 0.025764 seconds
  Import took 0.052973 seconds .

========================================================================
Received Import Request.
  Time since last request: 26.807817 seconds.
  path: Assets/Tiles/Water1 1.asset
  artifactKey: Guid(0d80919d64155d44cbba9a79de03622a) Importer(815301076,1909f56bfc062723c751e8b465ee728b)
Start importing Assets/Tiles/Water1 1.asset using Guid(0d80919d64155d44cbba9a79de03622a) Importer(815301076,1909f56bfc062723c751e8b465ee728b)  -> (artifact id: '6c03b7bf3ab01262031cad8282659971') in 0.023486 seconds
  Import took 0.037486 seconds .

========================================================================
Received Import Request.
  Time since last request: 0.000343 seconds.
  path: Assets/Tiles/Water1.asset
  artifactKey: Guid(305ea0eff13a634408d10465593981fe) Importer(815301076,1909f56bfc062723c751e8b465ee728b)
Start importing Assets/Tiles/Water1.asset using Guid(305ea0eff13a634408d10465593981fe) Importer(815301076,1909f56bfc062723c751e8b465ee728b)  -> (artifact id: '51989ede2bae464086aacb8181c1fe83') in 0.006971 seconds
  Import took 0.020411 seconds .

========================================================================
Received Import Request.
  Time since last request: 0.000809 seconds.
  path: Assets/Tiles/Water1 1.asset
  artifactKey: Guid(0d80919d64155d44cbba9a79de03622a) Importer(815301076,1909f56bfc062723c751e8b465ee728b)
Start importing Assets/Tiles/Water1 1.asset using Guid(0d80919d64155d44cbba9a79de03622a) Importer(815301076,1909f56bfc062723c751e8b465ee728b)  -> (artifact id: '6c03b7bf3ab01262031cad8282659971') in 0.009100 seconds
  Import took 0.014126 seconds .

========================================================================
Received Import Request.
  Time since last request: 13.561464 seconds.
  path: Assets/Tiles/Water2.asset
  artifactKey: Guid(2a3e82169d1087f43a7670fbd1202338) Importer(815301076,1909f56bfc062723c751e8b465ee728b)
Start importing Assets/Tiles/Water2.asset using Guid(2a3e82169d1087f43a7670fbd1202338) Importer(815301076,1909f56bfc062723c751e8b465ee728b)  -> (artifact id: '54cb8a1a9d07aaa10be079856ef2a254') in 0.023499 seconds
  Import took 0.035448 seconds .

========================================================================
Received Import Request.
  Time since last request: 453.626000 seconds.
  path: Assets/Palets/Water.prefab
  artifactKey: Guid(7a50ef3b08ff3bd44ab79a25b497ef65) Importer(815301076,1909f56bfc062723c751e8b465ee728b)
Start importing Assets/Palets/Water.prefab using Guid(7a50ef3b08ff3bd44ab79a25b497ef65) Importer(815301076,1909f56bfc062723c751e8b465ee728b)  -> (artifact id: '91f33fc6f5e54b27006e2834e346342d') in 0.028216 seconds
  Import took 0.049546 seconds .

========================================================================
Received Import Request.
  Time since last request: 4.044810 seconds.
  path: Assets/Palets/Water.prefab
  artifactKey: Guid(7a50ef3b08ff3bd44ab79a25b497ef65) Importer(815301076,1909f56bfc062723c751e8b465ee728b)
Start importing Assets/Palets/Water.prefab using Guid(7a50ef3b08ff3bd44ab79a25b497ef65) Importer(815301076,1909f56bfc062723c751e8b465ee728b)  -> (artifact id: 'fe7005e32bb062e82fe47e928e921ca2') in 0.008034 seconds
  Import took 0.025417 seconds .

========================================================================
Received Import Request.
  Time since last request: 0.610785 seconds.
  path: Assets/Palets/Water.prefab
  artifactKey: Guid(7a50ef3b08ff3bd44ab79a25b497ef65) Importer(815301076,1909f56bfc062723c751e8b465ee728b)
Start importing Assets/Palets/Water.prefab using Guid(7a50ef3b08ff3bd44ab79a25b497ef65) Importer(815301076,1909f56bfc062723c751e8b465ee728b)  -> (artifact id: '872220a6b99c2f6ff206e4324f31bf43') in 0.006255 seconds
  Import took 0.034496 seconds .

========================================================================
Received Import Request.
  Time since last request: 63.820155 seconds.
  path: Assets/Palets/Water.prefab
  artifactKey: Guid(7a50ef3b08ff3bd44ab79a25b497ef65) Importer(815301076,1909f56bfc062723c751e8b465ee728b)
Start importing Assets/Palets/Water.prefab using Guid(7a50ef3b08ff3bd44ab79a25b497ef65) Importer(815301076,1909f56bfc062723c751e8b465ee728b)  -> (artifact id: '753e544bba8ecbc540bd86d480c460e9') in 0.008168 seconds
  Import took 0.082155 seconds .

========================================================================
Received Import Request.
  Time since last request: 2.922029 seconds.
  path: Assets/Palets/Water.prefab
  artifactKey: Guid(7a50ef3b08ff3bd44ab79a25b497ef65) Importer(815301076,1909f56bfc062723c751e8b465ee728b)
Start importing Assets/Palets/Water.prefab using Guid(7a50ef3b08ff3bd44ab79a25b497ef65) Importer(815301076,1909f56bfc062723c751e8b465ee728b)  -> (artifact id: '1097ef819792e4912f1e2271f7a01e66') in 0.005800 seconds
  Import took 0.011921 seconds .

========================================================================
Received Import Request.
  Time since last request: 30.735030 seconds.
  path: Assets/Palets/Water.prefab
  artifactKey: Guid(7a50ef3b08ff3bd44ab79a25b497ef65) Importer(815301076,1909f56bfc062723c751e8b465ee728b)
Start importing Assets/Palets/Water.prefab using Guid(7a50ef3b08ff3bd44ab79a25b497ef65) Importer(815301076,1909f56bfc062723c751e8b465ee728b)  -> (artifact id: 'ee084f177a8b8cf75a2329fafa871660') in 0.007123 seconds
  Import took 0.012891 seconds .

========================================================================
Received Import Request.
  Time since last request: 1.161414 seconds.
  path: Assets/Palets/Water.prefab
  artifactKey: Guid(7a50ef3b08ff3bd44ab79a25b497ef65) Importer(815301076,1909f56bfc062723c751e8b465ee728b)
Start importing Assets/Palets/Water.prefab using Guid(7a50ef3b08ff3bd44ab79a25b497ef65) Importer(815301076,1909f56bfc062723c751e8b465ee728b)  -> (artifact id: '04018309cabbbde02b0c858c4c4abe2b') in 0.007783 seconds
  Import took 0.024184 seconds .

========================================================================
Received Import Request.
  Time since last request: 95.778994 seconds.
  path: Assets/Palets/GroundTiles.prefab
  artifactKey: Guid(8f3577b6d2fdf204d86eb1bd52fe51c5) Importer(815301076,1909f56bfc062723c751e8b465ee728b)
Start importing Assets/Palets/GroundTiles.prefab using Guid(8f3577b6d2fdf204d86eb1bd52fe51c5) Importer(815301076,1909f56bfc062723c751e8b465ee728b)  -> (artifact id: 'edcc333940f1963d780ac0066ee88ad5') in 0.025442 seconds
  Import took 0.031412 seconds .

========================================================================
Received Import Request.
  Time since last request: 20.508072 seconds.
  path: Assets/Tiles/New folder
  artifactKey: Guid(0650fcad1b0d0d54fa399c375b79e607) Importer(815301076,1909f56bfc062723c751e8b465ee728b)
Start importing Assets/Tiles/New folder using Guid(0650fcad1b0d0d54fa399c375b79e607) Importer(815301076,1909f56bfc062723c751e8b465ee728b)  -> (artifact id: '039ad11e2f8ef34abe21584addfa147e') in 0.021658 seconds
  Import took 0.026577 seconds .

========================================================================
Received Import Request.
  Time since last request: 17.899216 seconds.
  path: Assets/Scripts/PlayerSC
  artifactKey: Guid(13096304cc089da4db34def25be1ae72) Importer(815301076,1909f56bfc062723c751e8b465ee728b)
Start importing Assets/Scripts/PlayerSC using Guid(13096304cc089da4db34def25be1ae72) Importer(815301076,1909f56bfc062723c751e8b465ee728b)  -> (artifact id: '570cf03135bf077bc51b78885bfb029b') in 0.021794 seconds
  Import took 0.036709 seconds .

========================================================================
Received Import Request.
  Time since last request: 1.344530 seconds.
  path: Assets/Scripts/Attack.cs
  artifactKey: Guid(674cefb98e6151741b4fb701e93ea926) Importer(815301076,1909f56bfc062723c751e8b465ee728b)
Start importing Assets/Scripts/Attack.cs using Guid(674cefb98e6151741b4fb701e93ea926) Importer(815301076,1909f56bfc062723c751e8b465ee728b)  -> (artifact id: '3ec2e1d5d07688299135e38b186df040') in 0.007554 seconds
  Import took 0.067277 seconds .

========================================================================
Received Import Request.
  Time since last request: 2.494364 seconds.
  path: Assets/Scripts/PlayerMovement.cs
  artifactKey: Guid(592784fbdd27d974690842dd83e6f20b) Importer(815301076,1909f56bfc062723c751e8b465ee728b)
Start importing Assets/Scripts/PlayerMovement.cs using Guid(592784fbdd27d974690842dd83e6f20b) Importer(815301076,1909f56bfc062723c751e8b465ee728b)  -> (artifact id: '50d2a8c18ebeedb520839cf939cb6052') in 0.021952 seconds
  Import took 0.044320 seconds .

========================================================================
Received Prepare
Registering precompiled user dll's ...
Registered in 0.003311 seconds.
Begin MonoManager ReloadAssembly
Native extension for WindowsStandalone target not found
Native extension for WebGL target not found
Refreshing native plugins compatible for Editor in 0.58 ms, found 3 plugins.
Preloading 0 native plugins for Editor in 0.00 ms.
Mono: successfully reloaded assembly
- Completed reload, in  1.159 seconds
Platform modules already initialized, skipping
Refreshing native plugins compatible for Editor in 0.54 ms, found 3 plugins.
Preloading 0 native plugins for Editor in 0.00 ms.
Unloading 2123 Unused Serialized files (Serialized files now loaded: 0)
System memory in use before: 98.4 MB.
System memory in use after: 98.4 MB.

Unloading 21 unused Assets to reduce memory usage. Loaded Objects now: 2678.
Total: 2.527900 ms (FindLiveObjects: 0.226400 ms CreateObjectMapping: 0.096400 ms MarkObjects: 2.078400 ms  DeleteObjects: 0.125600 ms)

========================================================================
Received Import Request.
  Time since last request: 16.950684 seconds.
  path: Assets/Scripts/Enemy
  artifactKey: Guid(8f7a650bc6ecf0141ad2e97d0210d0d9) Importer(815301076,1909f56bfc062723c751e8b465ee728b)
Start importing Assets/Scripts/Enemy using Guid(8f7a650bc6ecf0141ad2e97d0210d0d9) Importer(815301076,1909f56bfc062723c751e8b465ee728b)  -> (artifact id: 'dc43d21607f8ae36934c361cd3a7be92') in 0.021825 seconds
  Import took 0.026658 seconds .

========================================================================
Received Import Request.
  Time since last request: 0.004011 seconds.
  path: Assets/Scripts/Enemy
  artifactKey: Guid(8f7a650bc6ecf0141ad2e97d0210d0d9) Importer(815301076,1909f56bfc062723c751e8b465ee728b)
Start importing Assets/Scripts/Enemy using Guid(8f7a650bc6ecf0141ad2e97d0210d0d9) Importer(815301076,1909f56bfc062723c751e8b465ee728b)  -> (artifact id: 'dc43d21607f8ae36934c361cd3a7be92') in 0.007317 seconds
  Import took 0.011804 seconds .

========================================================================
Received Import Request.
  Time since last request: 0.608002 seconds.
  path: Assets/Scripts/Enemy.cs
  artifactKey: Guid(022b5c56818ca9a429452e9b0ce67906) Importer(815301076,1909f56bfc062723c751e8b465ee728b)
Start importing Assets/Scripts/Enemy.cs using Guid(022b5c56818ca9a429452e9b0ce67906) Importer(815301076,1909f56bfc062723c751e8b465ee728b)  -> (artifact id: 'c38d64205f90b256e18e19a01a87e36b') in 0.005094 seconds
  Import took 0.087218 seconds .

========================================================================
Received Prepare
Registering precompiled user dll's ...
Registered in 0.003038 seconds.
Begin MonoManager ReloadAssembly
Native extension for WindowsStandalone target not found
Native extension for WebGL target not found
Refreshing native plugins compatible for Editor in 0.56 ms, found 3 plugins.
Preloading 0 native plugins for Editor in 0.00 ms.
Mono: successfully reloaded assembly
- Completed reload, in  1.188 seconds
Platform modules already initialized, skipping
Refreshing native plugins compatible for Editor in 0.62 ms, found 3 plugins.
Preloading 0 native plugins for Editor in 0.00 ms.
Unloading 2123 Unused Serialized files (Serialized files now loaded: 0)
System memory in use before: 98.4 MB.
System memory in use after: 98.4 MB.

Unloading 21 unused Assets to reduce memory usage. Loaded Objects now: 2682.
Total: 3.110000 ms (FindLiveObjects: 0.221300 ms CreateObjectMapping: 0.091600 ms MarkObjects: 2.626900 ms  DeleteObjects: 0.168900 ms)

========================================================================
Received Prepare
Registering precompiled user dll's ...
Registered in 0.003322 seconds.
Begin MonoManager ReloadAssembly
Native extension for WindowsStandalone target not found
Native extension for WebGL target not found
Refreshing native plugins compatible for Editor in 0.56 ms, found 3 plugins.
Preloading 0 native plugins for Editor in 0.00 ms.
Mono: successfully reloaded assembly
- Completed reload, in  1.151 seconds
Platform modules already initialized, skipping
Refreshing native plugins compatible for Editor in 0.58 ms, found 3 plugins.
Preloading 0 native plugins for Editor in 0.00 ms.
Unloading 2123 Unused Serialized files (Serialized files now loaded: 0)
System memory in use before: 98.4 MB.
System memory in use after: 98.4 MB.

Unloading 21 unused Assets to reduce memory usage. Loaded Objects now: 2686.
Total: 2.523000 ms (FindLiveObjects: 0.229500 ms CreateObjectMapping: 0.097200 ms MarkObjects: 2.062000 ms  DeleteObjects: 0.133000 ms)

========================================================================
Received Prepare
Registering precompiled user dll's ...
Registered in 0.003187 seconds.
Begin MonoManager ReloadAssembly
Native extension for WindowsStandalone target not found
Native extension for WebGL target not found
Refreshing native plugins compatible for Editor in 0.58 ms, found 3 plugins.
Preloading 0 native plugins for Editor in 0.00 ms.
Mono: successfully reloaded assembly
- Completed reload, in  1.155 seconds
Platform modules already initialized, skipping
Refreshing native plugins compatible for Editor in 0.55 ms, found 3 plugins.
Preloading 0 native plugins for Editor in 0.00 ms.
Unloading 2123 Unused Serialized files (Serialized files now loaded: 0)
System memory in use before: 98.4 MB.
System memory in use after: 98.4 MB.

Unloading 21 unused Assets to reduce memory usage. Loaded Objects now: 2690.
Total: 4.033000 ms (FindLiveObjects: 0.321300 ms CreateObjectMapping: 0.108300 ms MarkObjects: 3.328800 ms  DeleteObjects: 0.272800 ms)

========================================================================
Received Prepare
Registering precompiled user dll's ...
Registered in 0.003039 seconds.
Begin MonoManager ReloadAssembly
Native extension for WindowsStandalone target not found
Native extension for WebGL target not found
Refreshing native plugins compatible for Editor in 0.64 ms, found 3 plugins.
Preloading 0 native plugins for Editor in 0.00 ms.
Mono: successfully reloaded assembly
- Completed reload, in  1.276 seconds
Platform modules already initialized, skipping
Refreshing native plugins compatible for Editor in 0.56 ms, found 3 plugins.
Preloading 0 native plugins for Editor in 0.00 ms.
Unloading 2123 Unused Serialized files (Serialized files now loaded: 0)
System memory in use before: 98.5 MB.
System memory in use after: 98.4 MB.

Unloading 21 unused Assets to reduce memory usage. Loaded Objects now: 2694.
Total: 2.985900 ms (FindLiveObjects: 0.274600 ms CreateObjectMapping: 0.190200 ms MarkObjects: 2.399200 ms  DeleteObjects: 0.121100 ms)

========================================================================
Received Prepare
Registering precompiled user dll's ...
Registered in 0.003580 seconds.
Begin MonoManager ReloadAssembly
Native extension for WindowsStandalone target not found
Native extension for WebGL target not found
Refreshing native plugins compatible for Editor in 0.58 ms, found 3 plugins.
Preloading 0 native plugins for Editor in 0.00 ms.
Mono: successfully reloaded assembly
- Completed reload, in  1.185 seconds
Platform modules already initialized, skipping
Refreshing native plugins compatible for Editor in 0.77 ms, found 3 plugins.
Preloading 0 native plugins for Editor in 0.00 ms.
Unloading 2123 Unused Serialized files (Serialized files now loaded: 0)
System memory in use before: 98.5 MB.
System memory in use after: 98.4 MB.

Unloading 21 unused Assets to reduce memory usage. Loaded Objects now: 2698.
Total: 3.332400 ms (FindLiveObjects: 0.229700 ms CreateObjectMapping: 0.096900 ms MarkObjects: 2.856000 ms  DeleteObjects: 0.148300 ms)

========================================================================
Received Prepare
Registering precompiled user dll's ...
Registered in 0.003198 seconds.
Begin MonoManager ReloadAssembly
Native extension for WindowsStandalone target not found
Native extension for WebGL target not found
Refreshing native plugins compatible for Editor in 0.58 ms, found 3 plugins.
Preloading 0 native plugins for Editor in 0.00 ms.
Mono: successfully reloaded assembly
- Completed reload, in  1.175 seconds
Platform modules already initialized, skipping
Refreshing native plugins compatible for Editor in 0.56 ms, found 3 plugins.
Preloading 0 native plugins for Editor in 0.00 ms.
Unloading 2123 Unused Serialized files (Serialized files now loaded: 0)
System memory in use before: 98.5 MB.
System memory in use after: 98.5 MB.

Unloading 21 unused Assets to reduce memory usage. Loaded Objects now: 2702.
Total: 2.576900 ms (FindLiveObjects: 0.231600 ms CreateObjectMapping: 0.095500 ms MarkObjects: 2.117200 ms  DeleteObjects: 0.131500 ms)

========================================================================
Received Prepare
Registering precompiled user dll's ...
Registered in 0.003066 seconds.
Begin MonoManager ReloadAssembly
Native extension for WindowsStandalone target not found
Native extension for WebGL target not found
Refreshing native plugins compatible for Editor in 0.57 ms, found 3 plugins.
Preloading 0 native plugins for Editor in 0.00 ms.
Mono: successfully reloaded assembly
- Completed reload, in  1.165 seconds
Platform modules already initialized, skipping
Refreshing native plugins compatible for Editor in 0.56 ms, found 3 plugins.
Preloading 0 native plugins for Editor in 0.00 ms.
Unloading 2123 Unused Serialized files (Serialized files now loaded: 0)
System memory in use before: 98.5 MB.
System memory in use after: 98.5 MB.

Unloading 21 unused Assets to reduce memory usage. Loaded Objects now: 2706.
Total: 2.634900 ms (FindLiveObjects: 0.229200 ms CreateObjectMapping: 0.095700 ms MarkObjects: 2.172300 ms  DeleteObjects: 0.136100 ms)

========================================================================
Received Prepare
Registering precompiled user dll's ...
Registered in 0.003275 seconds.
Begin MonoManager ReloadAssembly
Native extension for WindowsStandalone target not found
Native extension for WebGL target not found
Refreshing native plugins compatible for Editor in 0.64 ms, found 3 plugins.
Preloading 0 native plugins for Editor in 0.00 ms.
Mono: successfully reloaded assembly
- Completed reload, in  1.168 seconds
Platform modules already initialized, skipping
Refreshing native plugins compatible for Editor in 0.71 ms, found 3 plugins.
Preloading 0 native plugins for Editor in 0.00 ms.
Unloading 2123 Unused Serialized files (Serialized files now loaded: 0)
System memory in use before: 98.6 MB.
System memory in use after: 98.6 MB.

Unloading 21 unused Assets to reduce memory usage. Loaded Objects now: 2710.
Total: 2.603000 ms (FindLiveObjects: 0.247500 ms CreateObjectMapping: 0.099200 ms MarkObjects: 2.113400 ms  DeleteObjects: 0.141200 ms)

========================================================================
Received Prepare
Registering precompiled user dll's ...
Registered in 0.003242 seconds.
Begin MonoManager ReloadAssembly
Native extension for WindowsStandalone target not found
Native extension for WebGL target not found
Refreshing native plugins compatible for Editor in 0.69 ms, found 3 plugins.
Preloading 0 native plugins for Editor in 0.00 ms.
Mono: successfully reloaded assembly
- Completed reload, in  1.148 seconds
Platform modules already initialized, skipping
Refreshing native plugins compatible for Editor in 0.72 ms, found 3 plugins.
Preloading 0 native plugins for Editor in 0.00 ms.
Unloading 2123 Unused Serialized files (Serialized files now loaded: 0)
System memory in use before: 98.6 MB.
System memory in use after: 98.6 MB.

Unloading 21 unused Assets to reduce memory usage. Loaded Objects now: 2714.
Total: 2.820800 ms (FindLiveObjects: 0.249600 ms CreateObjectMapping: 0.097100 ms MarkObjects: 2.331300 ms  DeleteObjects: 0.141300 ms)

========================================================================
Received Prepare
Registering precompiled user dll's ...
Registered in 0.003077 seconds.
Begin MonoManager ReloadAssembly
Native extension for WindowsStandalone target not found
Native extension for WebGL target not found
Refreshing native plugins compatible for Editor in 0.74 ms, found 3 plugins.
Preloading 0 native plugins for Editor in 0.00 ms.
Mono: successfully reloaded assembly
- Completed reload, in  1.130 seconds
Platform modules already initialized, skipping
Refreshing native plugins compatible for Editor in 0.56 ms, found 3 plugins.
Preloading 0 native plugins for Editor in 0.00 ms.
Unloading 2123 Unused Serialized files (Serialized files now loaded: 0)
System memory in use before: 98.6 MB.
System memory in use after: 98.7 MB.

Unloading 21 unused Assets to reduce memory usage. Loaded Objects now: 2718.
Total: 3.113200 ms (FindLiveObjects: 0.297100 ms CreateObjectMapping: 0.197600 ms MarkObjects: 2.480900 ms  DeleteObjects: 0.136600 ms)

========================================================================
Received Prepare
Registering precompiled user dll's ...
Registered in 0.003053 seconds.
Begin MonoManager ReloadAssembly
Native extension for WindowsStandalone target not found
Native extension for WebGL target not found
Refreshing native plugins compatible for Editor in 0.60 ms, found 3 plugins.
Preloading 0 native plugins for Editor in 0.00 ms.
Mono: successfully reloaded assembly
- Completed reload, in  1.140 seconds
Platform modules already initialized, skipping
Refreshing native plugins compatible for Editor in 0.57 ms, found 3 plugins.
Preloading 0 native plugins for Editor in 0.00 ms.
Unloading 2123 Unused Serialized files (Serialized files now loaded: 0)
System memory in use before: 98.6 MB.
System memory in use after: 98.7 MB.

Unloading 21 unused Assets to reduce memory usage. Loaded Objects now: 2722.
Total: 3.301500 ms (FindLiveObjects: 0.461000 ms CreateObjectMapping: 0.237300 ms MarkObjects: 2.472700 ms  DeleteObjects: 0.128900 ms)

========================================================================
Received Prepare
Registering precompiled user dll's ...
Registered in 0.003141 seconds.
Begin MonoManager ReloadAssembly
Native extension for WindowsStandalone target not found
Native extension for WebGL target not found
Refreshing native plugins compatible for Editor in 0.59 ms, found 3 plugins.
Preloading 0 native plugins for Editor in 0.00 ms.
Mono: successfully reloaded assembly
- Completed reload, in  1.147 seconds
Platform modules already initialized, skipping
Refreshing native plugins compatible for Editor in 0.54 ms, found 3 plugins.
Preloading 0 native plugins for Editor in 0.00 ms.
Unloading 2123 Unused Serialized files (Serialized files now loaded: 0)
System memory in use before: 98.6 MB.
System memory in use after: 98.7 MB.

Unloading 21 unused Assets to reduce memory usage. Loaded Objects now: 2726.
Total: 2.575200 ms (FindLiveObjects: 0.243000 ms CreateObjectMapping: 0.101900 ms MarkObjects: 2.059400 ms  DeleteObjects: 0.169900 ms)

========================================================================
Received Prepare
Registering precompiled user dll's ...
Registered in 0.003352 seconds.
Begin MonoManager ReloadAssembly
Native extension for WindowsStandalone target not found
Native extension for WebGL target not found
Refreshing native plugins compatible for Editor in 0.59 ms, found 3 plugins.
Preloading 0 native plugins for Editor in 0.00 ms.
Mono: successfully reloaded assembly
- Completed reload, in  1.134 seconds
Platform modules already initialized, skipping
Refreshing native plugins compatible for Editor in 0.62 ms, found 3 plugins.
Preloading 0 native plugins for Editor in 0.00 ms.
Unloading 2123 Unused Serialized files (Serialized files now loaded: 0)
System memory in use before: 98.6 MB.
System memory in use after: 98.7 MB.

Unloading 21 unused Assets to reduce memory usage. Loaded Objects now: 2730.
Total: 2.629200 ms (FindLiveObjects: 0.235200 ms CreateObjectMapping: 0.106500 ms MarkObjects: 2.113500 ms  DeleteObjects: 0.172800 ms)

========================================================================
Received Prepare
Registering precompiled user dll's ...
Registered in 0.004571 seconds.
Begin MonoManager ReloadAssembly
Native extension for WindowsStandalone target not found
Native extension for WebGL target not found
Refreshing native plugins compatible for Editor in 0.75 ms, found 3 plugins.
Preloading 0 native plugins for Editor in 0.00 ms.
Mono: successfully reloaded assembly
- Completed reload, in  1.638 seconds
Platform modules already initialized, skipping
Refreshing native plugins compatible for Editor in 0.62 ms, found 3 plugins.
Preloading 0 native plugins for Editor in 0.00 ms.
Unloading 2123 Unused Serialized files (Serialized files now loaded: 0)
System memory in use before: 98.6 MB.
System memory in use after: 98.7 MB.

Unloading 21 unused Assets to reduce memory usage. Loaded Objects now: 2734.
Total: 6.891500 ms (FindLiveObjects: 2.270300 ms CreateObjectMapping: 0.402100 ms MarkObjects: 3.908600 ms  DeleteObjects: 0.308300 ms)

========================================================================
Received Prepare
Registering precompiled user dll's ...
Registered in 0.003432 seconds.
Begin MonoManager ReloadAssembly
Native extension for WindowsStandalone target not found
Native extension for WebGL target not found
Refreshing native plugins compatible for Editor in 0.58 ms, found 3 plugins.
Preloading 0 native plugins for Editor in 0.00 ms.
Mono: successfully reloaded assembly
- Completed reload, in  1.152 seconds
Platform modules already initialized, skipping
Refreshing native plugins compatible for Editor in 0.59 ms, found 3 plugins.
Preloading 0 native plugins for Editor in 0.00 ms.
Unloading 2123 Unused Serialized files (Serialized files now loaded: 0)
System memory in use before: 98.6 MB.
System memory in use after: 98.7 MB.

Unloading 21 unused Assets to reduce memory usage. Loaded Objects now: 2738.
Total: 3.654800 ms (FindLiveObjects: 0.254300 ms CreateObjectMapping: 0.110500 ms MarkObjects: 3.095400 ms  DeleteObjects: 0.193000 ms)

========================================================================
Received Prepare
Registering precompiled user dll's ...
Registered in 0.003082 seconds.
Begin MonoManager ReloadAssembly
Native extension for WindowsStandalone target not found
Native extension for WebGL target not found
Refreshing native plugins compatible for Editor in 0.57 ms, found 3 plugins.
Preloading 0 native plugins for Editor in 0.00 ms.
Mono: successfully reloaded assembly
- Completed reload, in  1.103 seconds
Platform modules already initialized, skipping
Refreshing native plugins compatible for Editor in 0.69 ms, found 3 plugins.
Preloading 0 native plugins for Editor in 0.00 ms.
Unloading 2123 Unused Serialized files (Serialized files now loaded: 0)
System memory in use before: 98.6 MB.
System memory in use after: 98.7 MB.

Unloading 21 unused Assets to reduce memory usage. Loaded Objects now: 2742.
Total: 3.049100 ms (FindLiveObjects: 0.357800 ms CreateObjectMapping: 0.119500 ms MarkObjects: 2.419500 ms  DeleteObjects: 0.150800 ms)

========================================================================
Received Prepare
Registering precompiled user dll's ...
Registered in 0.003183 seconds.
Begin MonoManager ReloadAssembly
Native extension for WindowsStandalone target not found
Native extension for WebGL target not found
Refreshing native plugins compatible for Editor in 0.57 ms, found 3 plugins.
Preloading 0 native plugins for Editor in 0.00 ms.
Mono: successfully reloaded assembly
- Completed reload, in  1.129 seconds
Platform modules already initialized, skipping
Refreshing native plugins compatible for Editor in 0.65 ms, found 3 plugins.
Preloading 0 native plugins for Editor in 0.00 ms.
Unloading 2123 Unused Serialized files (Serialized files now loaded: 0)
System memory in use before: 98.7 MB.
System memory in use after: 98.7 MB.

Unloading 21 unused Assets to reduce memory usage. Loaded Objects now: 2746.
Total: 3.146400 ms (FindLiveObjects: 0.301100 ms CreateObjectMapping: 0.201200 ms MarkObjects: 2.503900 ms  DeleteObjects: 0.139200 ms)

========================================================================
Received Prepare
Registering precompiled user dll's ...
Registered in 0.003063 seconds.
Begin MonoManager ReloadAssembly
Native extension for WindowsStandalone target not found
Native extension for WebGL target not found
Refreshing native plugins compatible for Editor in 0.59 ms, found 3 plugins.
Preloading 0 native plugins for Editor in 0.00 ms.
Mono: successfully reloaded assembly
- Completed reload, in  1.099 seconds
Platform modules already initialized, skipping
Refreshing native plugins compatible for Editor in 0.57 ms, found 3 plugins.
Preloading 0 native plugins for Editor in 0.00 ms.
Unloading 2123 Unused Serialized files (Serialized files now loaded: 0)
System memory in use before: 98.7 MB.
System memory in use after: 98.7 MB.

Unloading 21 unused Assets to reduce memory usage. Loaded Objects now: 2750.
Total: 3.901300 ms (FindLiveObjects: 0.362900 ms CreateObjectMapping: 0.360500 ms MarkObjects: 3.025700 ms  DeleteObjects: 0.150600 ms)

========================================================================
Received Prepare
Registering precompiled user dll's ...
Registered in 0.003112 seconds.
Begin MonoManager ReloadAssembly
Native extension for WindowsStandalone target not found
Native extension for WebGL target not found
Refreshing native plugins compatible for Editor in 0.59 ms, found 3 plugins.
Preloading 0 native plugins for Editor in 0.00 ms.
Mono: successfully reloaded assembly
- Completed reload, in  1.200 seconds
Platform modules already initialized, skipping
Refreshing native plugins compatible for Editor in 0.61 ms, found 3 plugins.
Preloading 0 native plugins for Editor in 0.00 ms.
Unloading 2123 Unused Serialized files (Serialized files now loaded: 0)
System memory in use before: 98.7 MB.
System memory in use after: 98.8 MB.

Unloading 21 unused Assets to reduce memory usage. Loaded Objects now: 2754.
Total: 3.131500 ms (FindLiveObjects: 0.251200 ms CreateObjectMapping: 0.105400 ms MarkObjects: 2.605900 ms  DeleteObjects: 0.167800 ms)

========================================================================
Received Prepare
Registering precompiled user dll's ...
Registered in 0.003138 seconds.
Begin MonoManager ReloadAssembly
Native extension for WindowsStandalone target not found
Native extension for WebGL target not found
Refreshing native plugins compatible for Editor in 0.68 ms, found 3 plugins.
Preloading 0 native plugins for Editor in 0.00 ms.
Mono: successfully reloaded assembly
- Completed reload, in  1.130 seconds
Platform modules already initialized, skipping
Refreshing native plugins compatible for Editor in 0.68 ms, found 3 plugins.
Preloading 0 native plugins for Editor in 0.00 ms.
Unloading 2123 Unused Serialized files (Serialized files now loaded: 0)
System memory in use before: 98.7 MB.
System memory in use after: 98.8 MB.

Unloading 21 unused Assets to reduce memory usage. Loaded Objects now: 2758.
Total: 3.391300 ms (FindLiveObjects: 0.337600 ms CreateObjectMapping: 0.136900 ms MarkObjects: 2.713400 ms  DeleteObjects: 0.201100 ms)

========================================================================
Received Prepare
Registering precompiled user dll's ...
Registered in 0.003035 seconds.
Begin MonoManager ReloadAssembly
Native extension for WindowsStandalone target not found
Native extension for WebGL target not found
Refreshing native plugins compatible for Editor in 0.67 ms, found 3 plugins.
Preloading 0 native plugins for Editor in 0.00 ms.
Mono: successfully reloaded assembly
- Completed reload, in  1.136 seconds
Platform modules already initialized, skipping
Refreshing native plugins compatible for Editor in 0.57 ms, found 3 plugins.
Preloading 0 native plugins for Editor in 0.00 ms.
Unloading 2123 Unused Serialized files (Serialized files now loaded: 0)
System memory in use before: 98.7 MB.
System memory in use after: 98.8 MB.

Unloading 21 unused Assets to reduce memory usage. Loaded Objects now: 2762.
Total: 3.195600 ms (FindLiveObjects: 0.294400 ms CreateObjectMapping: 0.193300 ms MarkObjects: 2.536500 ms  DeleteObjects: 0.170100 ms)

========================================================================
Received Import Request.
  Time since last request: 1125.166834 seconds.
  path: Assets/Scripts/Enemy/Patrol.cs
  artifactKey: Guid(6807a114cf015b141abc72fa93942f00) Importer(815301076,1909f56bfc062723c751e8b465ee728b)
Start importing Assets/Scripts/Enemy/Patrol.cs using Guid(6807a114cf015b141abc72fa93942f00) Importer(815301076,1909f56bfc062723c751e8b465ee728b)  -> (artifact id: 'eeab25c7d0127ba91a541cbca8934cec') in 0.020812 seconds
  Import took 0.025599 seconds .

========================================================================
Received Import Request.
  Time since last request: 0.020069 seconds.
  path: Assets/Scripts/Enemy/Patrol.cs
  artifactKey: Guid(6807a114cf015b141abc72fa93942f00) Importer(815301076,1909f56bfc062723c751e8b465ee728b)
Start importing Assets/Scripts/Enemy/Patrol.cs using Guid(6807a114cf015b141abc72fa93942f00) Importer(815301076,1909f56bfc062723c751e8b465ee728b)  -> (artifact id: 'eeab25c7d0127ba91a541cbca8934cec') in 0.005336 seconds
  Import took 0.009944 seconds .

========================================================================
Received Prepare
Registering precompiled user dll's ...
Registered in 0.002950 seconds.
Begin MonoManager ReloadAssembly
Native extension for WindowsStandalone target not found
Native extension for WebGL target not found
Refreshing native plugins compatible for Editor in 0.91 ms, found 3 plugins.
Preloading 0 native plugins for Editor in 0.00 ms.
Mono: successfully reloaded assembly
- Completed reload, in  1.154 seconds
Platform modules already initialized, skipping
Refreshing native plugins compatible for Editor in 0.53 ms, found 3 plugins.
Preloading 0 native plugins for Editor in 0.00 ms.
Unloading 2123 Unused Serialized files (Serialized files now loaded: 0)
System memory in use before: 98.7 MB.
System memory in use after: 98.8 MB.

Unloading 21 unused Assets to reduce memory usage. Loaded Objects now: 2766.
Total: 3.011800 ms (FindLiveObjects: 0.239100 ms CreateObjectMapping: 0.107000 ms MarkObjects: 2.498300 ms  DeleteObjects: 0.166200 ms)

========================================================================
Received Import Request.
  Time since last request: 20.064345 seconds.
  path: Assets/Scripts/Enemy/Patrol.cs
  artifactKey: Guid(6807a114cf015b141abc72fa93942f00) Importer(815301076,1909f56bfc062723c751e8b465ee728b)
Start importing Assets/Scripts/Enemy/Patrol.cs using Guid(6807a114cf015b141abc72fa93942f00) Importer(815301076,1909f56bfc062723c751e8b465ee728b)  -> (artifact id: '452b5208b602a3222cbee896cb4c59af') in 0.005945 seconds
  Import took 0.027605 seconds .

========================================================================
Received Prepare
Registering precompiled user dll's ...
Registered in 0.004269 seconds.
Begin MonoManager ReloadAssembly
Native extension for WindowsStandalone target not found
Native extension for WebGL target not found
Refreshing native plugins compatible for Editor in 0.55 ms, found 3 plugins.
Preloading 0 native plugins for Editor in 0.00 ms.
Mono: successfully reloaded assembly
- Completed reload, in  1.186 seconds
Platform modules already initialized, skipping
Refreshing native plugins compatible for Editor in 0.54 ms, found 3 plugins.
Preloading 0 native plugins for Editor in 0.00 ms.
Unloading 2123 Unused Serialized files (Serialized files now loaded: 0)
System memory in use before: 98.7 MB.
System memory in use after: 98.8 MB.

Unloading 21 unused Assets to reduce memory usage. Loaded Objects now: 2770.
Total: 2.712400 ms (FindLiveObjects: 0.242500 ms CreateObjectMapping: 0.105500 ms MarkObjects: 2.190800 ms  DeleteObjects: 0.172200 ms)

========================================================================
Received Prepare
Registering precompiled user dll's ...
Registered in 0.003113 seconds.
Begin MonoManager ReloadAssembly
Native extension for WindowsStandalone target not found
Native extension for WebGL target not found
Refreshing native plugins compatible for Editor in 0.58 ms, found 3 plugins.
Preloading 0 native plugins for Editor in 0.00 ms.
Mono: successfully reloaded assembly
- Completed reload, in  1.110 seconds
Platform modules already initialized, skipping
Refreshing native plugins compatible for Editor in 0.57 ms, found 3 plugins.
Preloading 0 native plugins for Editor in 0.00 ms.
Unloading 2123 Unused Serialized files (Serialized files now loaded: 0)
System memory in use before: 98.7 MB.
System memory in use after: 98.8 MB.

Unloading 21 unused Assets to reduce memory usage. Loaded Objects now: 2774.
Total: 4.049600 ms (FindLiveObjects: 0.294000 ms CreateObjectMapping: 0.120400 ms MarkObjects: 3.477500 ms  DeleteObjects: 0.156100 ms)

========================================================================
Received Prepare
Registering precompiled user dll's ...
Registered in 0.003271 seconds.
Begin MonoManager ReloadAssembly
Native extension for WindowsStandalone target not found
Native extension for WebGL target not found
Refreshing native plugins compatible for Editor in 0.63 ms, found 3 plugins.
Preloading 0 native plugins for Editor in 0.00 ms.
Mono: successfully reloaded assembly
- Completed reload, in  1.152 seconds
Platform modules already initialized, skipping
Refreshing native plugins compatible for Editor in 0.54 ms, found 3 plugins.
Preloading 0 native plugins for Editor in 0.00 ms.
Unloading 2123 Unused Serialized files (Serialized files now loaded: 0)
System memory in use before: 98.7 MB.
System memory in use after: 98.8 MB.

Unloading 21 unused Assets to reduce memory usage. Loaded Objects now: 2778.
Total: 2.696700 ms (FindLiveObjects: 0.259000 ms CreateObjectMapping: 0.128900 ms MarkObjects: 2.132000 ms  DeleteObjects: 0.175600 ms)

AssetImportWorkerClient::OnTransportError - code=2 error=End of file
